  VertexObject.cpp
D:\cpp_projects\Project1\Project1\src\VertexObject.cpp(51,20): warning C4018: '<': signed/unsigned mismatch
D:\cpp_projects\Project1\Project1\src\VertexObject.cpp(71,20): warning C4018: '<': signed/unsigned mismatch
D:\cpp_projects\Project1\Project1\src\VertexObject.cpp(89,24): warning C4267: 'initializing': conversion from 'size_t' to 'int', possible loss of data
D:\cpp_projects\Project1\Project1\src\VertexObject.cpp(124,94): warning C4312: 'type cast': conversion from 'unsigned int' to 'void *' of greater size
LINK : warning LNK4098: defaultlib 'MSVCRTD' conflicts with use of other libs; use /NODEFAULTLIB:library
  Generating code
  2 of 1960 functions ( 0.1%) were compiled, the rest were copied from previous compilation.
    0 functions were new in current compilation
    20 functions had inline decision re-evaluated but remain unchanged
  Finished generating code
glfw3.lib(context.obj) : warning LNK4099: PDB '' was not found with 'glfw3.lib(context.obj)' or at ''; linking object as if no debug info
glfw3.lib(init.obj) : warning LNK4099: PDB 'glfw3.pdb' was not found with 'glfw3.lib(init.obj)' or at 'D:\cpp_projects\Project1\x64\Release\glfw3.pdb'; linking object as if no debug info
glfw3.lib(input.obj) : warning LNK4099: PDB 'glfw3.pdb' was not found with 'glfw3.lib(input.obj)' or at 'D:\cpp_projects\Project1\x64\Release\glfw3.pdb'; linking object as if no debug info
glfw3.lib(monitor.obj) : warning LNK4099: PDB 'glfw3.pdb' was not found with 'glfw3.lib(monitor.obj)' or at 'D:\cpp_projects\Project1\x64\Release\glfw3.pdb'; linking object as if no debug info
glfw3.lib(vulkan.obj) : warning LNK4099: PDB 'glfw3.pdb' was not found with 'glfw3.lib(vulkan.obj)' or at 'D:\cpp_projects\Project1\x64\Release\glfw3.pdb'; linking object as if no debug info
glfw3.lib(window.obj) : warning LNK4099: PDB 'glfw3.pdb' was not found with 'glfw3.lib(window.obj)' or at 'D:\cpp_projects\Project1\x64\Release\glfw3.pdb'; linking object as if no debug info
glfw3.lib(win32_init.obj) : warning LNK4099: PDB 'glfw3.pdb' was not found with 'glfw3.lib(win32_init.obj)' or at 'D:\cpp_projects\Project1\x64\Release\glfw3.pdb'; linking object as if no debug info
glfw3.lib(win32_joystick.obj) : warning LNK4099: PDB 'glfw3.pdb' was not found with 'glfw3.lib(win32_joystick.obj)' or at 'D:\cpp_projects\Project1\x64\Release\glfw3.pdb'; linking object as if no debug info
glfw3.lib(win32_monitor.obj) : warning LNK4099: PDB 'glfw3.pdb' was not found with 'glfw3.lib(win32_monitor.obj)' or at 'D:\cpp_projects\Project1\x64\Release\glfw3.pdb'; linking object as if no debug info
glfw3.lib(win32_time.obj) : warning LNK4099: PDB 'glfw3.pdb' was not found with 'glfw3.lib(win32_time.obj)' or at 'D:\cpp_projects\Project1\x64\Release\glfw3.pdb'; linking object as if no debug info
glfw3.lib(win32_thread.obj) : warning LNK4099: PDB 'glfw3.pdb' was not found with 'glfw3.lib(win32_thread.obj)' or at 'D:\cpp_projects\Project1\x64\Release\glfw3.pdb'; linking object as if no debug info
glfw3.lib(win32_window.obj) : warning LNK4099: PDB 'glfw3.pdb' was not found with 'glfw3.lib(win32_window.obj)' or at 'D:\cpp_projects\Project1\x64\Release\glfw3.pdb'; linking object as if no debug info
glfw3.lib(wgl_context.obj) : warning LNK4099: PDB 'glfw3.pdb' was not found with 'glfw3.lib(wgl_context.obj)' or at 'D:\cpp_projects\Project1\x64\Release\glfw3.pdb'; linking object as if no debug info
glfw3.lib(egl_context.obj) : warning LNK4099: PDB 'glfw3.pdb' was not found with 'glfw3.lib(egl_context.obj)' or at 'D:\cpp_projects\Project1\x64\Release\glfw3.pdb'; linking object as if no debug info
glfw3.lib(osmesa_context.obj) : warning LNK4099: PDB 'glfw3.pdb' was not found with 'glfw3.lib(osmesa_context.obj)' or at 'D:\cpp_projects\Project1\x64\Release\glfw3.pdb'; linking object as if no debug info
  Project1.vcxproj -> D:\cpp_projects\Project1\x64\Release\Project1.exe
